<?xml version="1.0" encoding="UTF-8"?>
<testsuite xmlns:xsi="http://www.w3.org/2001/XMLSchema-instance" xsi:noNamespaceSchemaLocation="https://maven.apache.org/surefire/maven-surefire-plugin/xsd/surefire-test-report.xsd" name="com.cubox.server.biz.identity.service.EmployeeServiceImplTest" time="3.014" tests="2" errors="0" skipped="1" failures="0">
  <properties>
    <property name="sun.desktop" value="windows"/>
    <property name="awt.toolkit" value="sun.awt.windows.WToolkit"/>
    <property name="java.specification.version" value="11"/>
    <property name="sun.cpu.isalist" value="amd64"/>
    <property name="sun.jnu.encoding" value="MS949"/>
    <property name="java.class.path" value="e:\CUBOX\Private\spring-protorype\Access\target\test-classes;e:\CUBOX\Private\spring-protorype\Access\target\classes;C:\Users\cubox\.m2\repository\org\springframework\boot\spring-boot-starter-web\2.3.3.RELEASE\spring-boot-starter-web-2.3.3.RELEASE.jar;C:\Users\cubox\.m2\repository\org\springframework\boot\spring-boot-starter\2.3.3.RELEASE\spring-boot-starter-2.3.3.RELEASE.jar;C:\Users\cubox\.m2\repository\org\springframework\boot\spring-boot-starter-logging\2.3.3.RELEASE\spring-boot-starter-logging-2.3.3.RELEASE.jar;C:\Users\cubox\.m2\repository\ch\qos\logback\logback-classic\1.2.3\logback-classic-1.2.3.jar;C:\Users\cubox\.m2\repository\ch\qos\logback\logback-core\1.2.3\logback-core-1.2.3.jar;C:\Users\cubox\.m2\repository\org\apache\logging\log4j\log4j-to-slf4j\2.13.3\log4j-to-slf4j-2.13.3.jar;C:\Users\cubox\.m2\repository\org\apache\logging\log4j\log4j-api\2.13.3\log4j-api-2.13.3.jar;C:\Users\cubox\.m2\repository\org\slf4j\jul-to-slf4j\1.7.30\jul-to-slf4j-1.7.30.jar;C:\Users\cubox\.m2\repository\jakarta\annotation\jakarta.annotation-api\1.3.5\jakarta.annotation-api-1.3.5.jar;C:\Users\cubox\.m2\repository\org\yaml\snakeyaml\1.26\snakeyaml-1.26.jar;C:\Users\cubox\.m2\repository\org\springframework\boot\spring-boot-starter-json\2.3.3.RELEASE\spring-boot-starter-json-2.3.3.RELEASE.jar;C:\Users\cubox\.m2\repository\com\fasterxml\jackson\core\jackson-databind\2.11.2\jackson-databind-2.11.2.jar;C:\Users\cubox\.m2\repository\com\fasterxml\jackson\core\jackson-annotations\2.11.2\jackson-annotations-2.11.2.jar;C:\Users\cubox\.m2\repository\com\fasterxml\jackson\core\jackson-core\2.11.2\jackson-core-2.11.2.jar;C:\Users\cubox\.m2\repository\com\fasterxml\jackson\datatype\jackson-datatype-jdk8\2.11.2\jackson-datatype-jdk8-2.11.2.jar;C:\Users\cubox\.m2\repository\com\fasterxml\jackson\datatype\jackson-datatype-jsr310\2.11.2\jackson-datatype-jsr310-2.11.2.jar;C:\Users\cubox\.m2\repository\com\fasterxml\jackson\module\jackson-module-parameter-names\2.11.2\jackson-module-parameter-names-2.11.2.jar;C:\Users\cubox\.m2\repository\org\springframework\boot\spring-boot-starter-tomcat\2.3.3.RELEASE\spring-boot-starter-tomcat-2.3.3.RELEASE.jar;C:\Users\cubox\.m2\repository\org\apache\tomcat\embed\tomcat-embed-core\9.0.37\tomcat-embed-core-9.0.37.jar;C:\Users\cubox\.m2\repository\org\glassfish\jakarta.el\3.0.3\jakarta.el-3.0.3.jar;C:\Users\cubox\.m2\repository\org\apache\tomcat\embed\tomcat-embed-websocket\9.0.37\tomcat-embed-websocket-9.0.37.jar;C:\Users\cubox\.m2\repository\org\springframework\spring-web\5.2.8.RELEASE\spring-web-5.2.8.RELEASE.jar;C:\Users\cubox\.m2\repository\org\springframework\spring-beans\5.2.8.RELEASE\spring-beans-5.2.8.RELEASE.jar;C:\Users\cubox\.m2\repository\org\springframework\spring-webmvc\5.2.8.RELEASE\spring-webmvc-5.2.8.RELEASE.jar;C:\Users\cubox\.m2\repository\org\springframework\spring-context\5.2.8.RELEASE\spring-context-5.2.8.RELEASE.jar;C:\Users\cubox\.m2\repository\org\springframework\spring-expression\5.2.8.RELEASE\spring-expression-5.2.8.RELEASE.jar;C:\Users\cubox\.m2\repository\org\flywaydb\flyway-core\6.4.4\flyway-core-6.4.4.jar;C:\Users\cubox\.m2\repository\org\springframework\boot\spring-boot-starter-data-jpa\2.3.3.RELEASE\spring-boot-starter-data-jpa-2.3.3.RELEASE.jar;C:\Users\cubox\.m2\repository\org\springframework\boot\spring-boot-starter-aop\2.3.3.RELEASE\spring-boot-starter-aop-2.3.3.RELEASE.jar;C:\Users\cubox\.m2\repository\org\aspectj\aspectjweaver\1.9.6\aspectjweaver-1.9.6.jar;C:\Users\cubox\.m2\repository\org\springframework\boot\spring-boot-starter-jdbc\2.3.3.RELEASE\spring-boot-starter-jdbc-2.3.3.RELEASE.jar;C:\Users\cubox\.m2\repository\com\zaxxer\HikariCP\3.4.5\HikariCP-3.4.5.jar;C:\Users\cubox\.m2\repository\org\springframework\spring-jdbc\5.2.8.RELEASE\spring-jdbc-5.2.8.RELEASE.jar;C:\Users\cubox\.m2\repository\jakarta\transaction\jakarta.transaction-api\1.3.3\jakarta.transaction-api-1.3.3.jar;C:\Users\cubox\.m2\repository\jakarta\persistence\jakarta.persistence-api\2.2.3\jakarta.persistence-api-2.2.3.jar;C:\Users\cubox\.m2\repository\org\hibernate\hibernate-core\5.4.20.Final\hibernate-core-5.4.20.Final.jar;C:\Users\cubox\.m2\repository\org\jboss\logging\jboss-logging\3.4.1.Final\jboss-logging-3.4.1.Final.jar;C:\Users\cubox\.m2\repository\org\javassist\javassist\3.24.0-GA\javassist-3.24.0-GA.jar;C:\Users\cubox\.m2\repository\net\bytebuddy\byte-buddy\1.10.14\byte-buddy-1.10.14.jar;C:\Users\cubox\.m2\repository\antlr\antlr\2.7.7\antlr-2.7.7.jar;C:\Users\cubox\.m2\repository\org\jboss\jandex\2.1.3.Final\jandex-2.1.3.Final.jar;C:\Users\cubox\.m2\repository\com\fasterxml\classmate\1.5.1\classmate-1.5.1.jar;C:\Users\cubox\.m2\repository\org\dom4j\dom4j\2.1.3\dom4j-2.1.3.jar;C:\Users\cubox\.m2\repository\org\hibernate\common\hibernate-commons-annotations\5.1.0.Final\hibernate-commons-annotations-5.1.0.Final.jar;C:\Users\cubox\.m2\repository\org\glassfish\jaxb\jaxb-runtime\2.3.3\jaxb-runtime-2.3.3.jar;C:\Users\cubox\.m2\repository\org\glassfish\jaxb\txw2\2.3.3\txw2-2.3.3.jar;C:\Users\cubox\.m2\repository\com\sun\istack\istack-commons-runtime\3.0.11\istack-commons-runtime-3.0.11.jar;C:\Users\cubox\.m2\repository\com\sun\activation\jakarta.activation\1.2.2\jakarta.activation-1.2.2.jar;C:\Users\cubox\.m2\repository\org\springframework\data\spring-data-jpa\2.3.3.RELEASE\spring-data-jpa-2.3.3.RELEASE.jar;C:\Users\cubox\.m2\repository\org\springframework\data\spring-data-commons\2.3.3.RELEASE\spring-data-commons-2.3.3.RELEASE.jar;C:\Users\cubox\.m2\repository\org\springframework\spring-orm\5.2.8.RELEASE\spring-orm-5.2.8.RELEASE.jar;C:\Users\cubox\.m2\repository\org\springframework\spring-tx\5.2.8.RELEASE\spring-tx-5.2.8.RELEASE.jar;C:\Users\cubox\.m2\repository\org\slf4j\slf4j-api\1.7.30\slf4j-api-1.7.30.jar;C:\Users\cubox\.m2\repository\org\springframework\spring-aspects\5.2.8.RELEASE\spring-aspects-5.2.8.RELEASE.jar;C:\Users\cubox\.m2\repository\com\h2database\h2\1.4.200\h2-1.4.200.jar;C:\Users\cubox\.m2\repository\org\mariadb\jdbc\mariadb-java-client\2.6.0\mariadb-java-client-2.6.0.jar;C:\Users\cubox\.m2\repository\org\postgresql\postgresql\42.2.18\postgresql-42.2.18.jar;C:\Users\cubox\.m2\repository\org\checkerframework\checker-qual\3.5.0\checker-qual-3.5.0.jar;C:\Users\cubox\.m2\repository\org\springframework\boot\spring-boot-devtools\2.3.3.RELEASE\spring-boot-devtools-2.3.3.RELEASE.jar;C:\Users\cubox\.m2\repository\org\springframework\boot\spring-boot\2.3.3.RELEASE\spring-boot-2.3.3.RELEASE.jar;C:\Users\cubox\.m2\repository\org\springframework\boot\spring-boot-autoconfigure\2.3.3.RELEASE\spring-boot-autoconfigure-2.3.3.RELEASE.jar;C:\Users\cubox\.m2\repository\org\projectlombok\lombok\1.18.12\lombok-1.18.12.jar;C:\Users\cubox\.m2\repository\org\modelmapper\modelmapper\2.3.8\modelmapper-2.3.8.jar;C:\Users\cubox\.m2\repository\org\springframework\boot\spring-boot-starter-test\2.3.3.RELEASE\spring-boot-starter-test-2.3.3.RELEASE.jar;C:\Users\cubox\.m2\repository\org\springframework\boot\spring-boot-test\2.3.3.RELEASE\spring-boot-test-2.3.3.RELEASE.jar;C:\Users\cubox\.m2\repository\org\springframework\boot\spring-boot-test-autoconfigure\2.3.3.RELEASE\spring-boot-test-autoconfigure-2.3.3.RELEASE.jar;C:\Users\cubox\.m2\repository\com\jayway\jsonpath\json-path\2.4.0\json-path-2.4.0.jar;C:\Users\cubox\.m2\repository\net\minidev\json-smart\2.3\json-smart-2.3.jar;C:\Users\cubox\.m2\repository\net\minidev\accessors-smart\1.2\accessors-smart-1.2.jar;C:\Users\cubox\.m2\repository\org\ow2\asm\asm\5.0.4\asm-5.0.4.jar;C:\Users\cubox\.m2\repository\jakarta\xml\bind\jakarta.xml.bind-api\2.3.3\jakarta.xml.bind-api-2.3.3.jar;C:\Users\cubox\.m2\repository\jakarta\activation\jakarta.activation-api\1.2.2\jakarta.activation-api-1.2.2.jar;C:\Users\cubox\.m2\repository\org\assertj\assertj-core\3.16.1\assertj-core-3.16.1.jar;C:\Users\cubox\.m2\repository\org\hamcrest\hamcrest\2.2\hamcrest-2.2.jar;C:\Users\cubox\.m2\repository\org\junit\jupiter\junit-jupiter\5.6.2\junit-jupiter-5.6.2.jar;C:\Users\cubox\.m2\repository\org\junit\jupiter\junit-jupiter-api\5.6.2\junit-jupiter-api-5.6.2.jar;C:\Users\cubox\.m2\repository\org\apiguardian\apiguardian-api\1.1.0\apiguardian-api-1.1.0.jar;C:\Users\cubox\.m2\repository\org\opentest4j\opentest4j\1.2.0\opentest4j-1.2.0.jar;C:\Users\cubox\.m2\repository\org\junit\platform\junit-platform-commons\1.6.2\junit-platform-commons-1.6.2.jar;C:\Users\cubox\.m2\repository\org\junit\jupiter\junit-jupiter-params\5.6.2\junit-jupiter-params-5.6.2.jar;C:\Users\cubox\.m2\repository\org\junit\jupiter\junit-jupiter-engine\5.6.2\junit-jupiter-engine-5.6.2.jar;C:\Users\cubox\.m2\repository\org\junit\platform\junit-platform-engine\1.6.2\junit-platform-engine-1.6.2.jar;C:\Users\cubox\.m2\repository\org\mockito\mockito-core\3.3.3\mockito-core-3.3.3.jar;C:\Users\cubox\.m2\repository\net\bytebuddy\byte-buddy-agent\1.10.14\byte-buddy-agent-1.10.14.jar;C:\Users\cubox\.m2\repository\org\objenesis\objenesis\2.6\objenesis-2.6.jar;C:\Users\cubox\.m2\repository\org\mockito\mockito-junit-jupiter\3.3.3\mockito-junit-jupiter-3.3.3.jar;C:\Users\cubox\.m2\repository\org\skyscreamer\jsonassert\1.5.0\jsonassert-1.5.0.jar;C:\Users\cubox\.m2\repository\com\vaadin\external\google\android-json\0.0.20131108.vaadin1\android-json-0.0.20131108.vaadin1.jar;C:\Users\cubox\.m2\repository\org\springframework\spring-core\5.2.8.RELEASE\spring-core-5.2.8.RELEASE.jar;C:\Users\cubox\.m2\repository\org\springframework\spring-jcl\5.2.8.RELEASE\spring-jcl-5.2.8.RELEASE.jar;C:\Users\cubox\.m2\repository\org\springframework\spring-test\5.2.8.RELEASE\spring-test-5.2.8.RELEASE.jar;C:\Users\cubox\.m2\repository\org\xmlunit\xmlunit-core\2.7.0\xmlunit-core-2.7.0.jar;C:\Users\cubox\.m2\repository\org\springframework\restdocs\spring-restdocs-mockmvc\2.0.4.RELEASE\spring-restdocs-mockmvc-2.0.4.RELEASE.jar;C:\Users\cubox\.m2\repository\javax\servlet\javax.servlet-api\4.0.1\javax.servlet-api-4.0.1.jar;C:\Users\cubox\.m2\repository\org\springframework\restdocs\spring-restdocs-core\2.0.4.RELEASE\spring-restdocs-core-2.0.4.RELEASE.jar;C:\Users\cubox\.m2\repository\com\navercorp\lucy\lucy-xss-servlet\2.0.0\lucy-xss-servlet-2.0.0.jar;C:\Users\cubox\.m2\repository\org\apache\commons\commons-lang3\3.10\commons-lang3-3.10.jar;C:\Users\cubox\.m2\repository\commons-logging\commons-logging\1.1.1\commons-logging-1.1.1.jar;C:\Users\cubox\.m2\repository\com\navercorp\lucy\lucy-xss\1.6.3\lucy-xss-1.6.3.jar;C:\Users\cubox\.m2\repository\commons-codec\commons-codec\1.14\commons-codec-1.14.jar;C:\Users\cubox\.m2\repository\org\apache\commons\commons-text\1.8\commons-text-1.8.jar;C:\Users\cubox\.m2\repository\org\springframework\boot\spring-boot-starter-security\2.3.3.RELEASE\spring-boot-starter-security-2.3.3.RELEASE.jar;C:\Users\cubox\.m2\repository\org\springframework\spring-aop\5.2.8.RELEASE\spring-aop-5.2.8.RELEASE.jar;C:\Users\cubox\.m2\repository\org\springframework\security\spring-security-config\5.3.4.RELEASE\spring-security-config-5.3.4.RELEASE.jar;C:\Users\cubox\.m2\repository\org\springframework\security\spring-security-core\5.3.4.RELEASE\spring-security-core-5.3.4.RELEASE.jar;C:\Users\cubox\.m2\repository\org\springframework\security\spring-security-web\5.3.4.RELEASE\spring-security-web-5.3.4.RELEASE.jar;"/>
    <property name="java.vm.vendor" value="Oracle Corporation"/>
    <property name="sun.arch.data.model" value="64"/>
    <property name="user.variant" value=""/>
    <property name="java.vendor.url" value="http://java.oracle.com/"/>
    <property name="user.timezone" value="Asia/Seoul"/>
    <property name="java.vm.specification.version" value="11"/>
    <property name="os.name" value="Windows 10"/>
    <property name="sun.java.launcher" value="SUN_STANDARD"/>
    <property name="user.country" value="KR"/>
    <property name="sun.boot.library.path" value="C:\java\jdk-11\bin"/>
    <property name="sun.java.command" value="C:\Users\cubox\AppData\Local\Temp\surefire12754386636373134616\surefirebooter17154087190285844976.jar C:\Users\cubox\AppData\Local\Temp\surefire12754386636373134616 2021-06-15T13-39-00_728-jvmRun1 surefire7266316000412462204tmp surefire_014078894366850924754tmp"/>
    <property name="jdk.debug" value="release"/>
    <property name="surefire.test.class.path" value="e:\CUBOX\Private\spring-protorype\Access\target\test-classes;e:\CUBOX\Private\spring-protorype\Access\target\classes;C:\Users\cubox\.m2\repository\org\springframework\boot\spring-boot-starter-web\2.3.3.RELEASE\spring-boot-starter-web-2.3.3.RELEASE.jar;C:\Users\cubox\.m2\repository\org\springframework\boot\spring-boot-starter\2.3.3.RELEASE\spring-boot-starter-2.3.3.RELEASE.jar;C:\Users\cubox\.m2\repository\org\springframework\boot\spring-boot-starter-logging\2.3.3.RELEASE\spring-boot-starter-logging-2.3.3.RELEASE.jar;C:\Users\cubox\.m2\repository\ch\qos\logback\logback-classic\1.2.3\logback-classic-1.2.3.jar;C:\Users\cubox\.m2\repository\ch\qos\logback\logback-core\1.2.3\logback-core-1.2.3.jar;C:\Users\cubox\.m2\repository\org\apache\logging\log4j\log4j-to-slf4j\2.13.3\log4j-to-slf4j-2.13.3.jar;C:\Users\cubox\.m2\repository\org\apache\logging\log4j\log4j-api\2.13.3\log4j-api-2.13.3.jar;C:\Users\cubox\.m2\repository\org\slf4j\jul-to-slf4j\1.7.30\jul-to-slf4j-1.7.30.jar;C:\Users\cubox\.m2\repository\jakarta\annotation\jakarta.annotation-api\1.3.5\jakarta.annotation-api-1.3.5.jar;C:\Users\cubox\.m2\repository\org\yaml\snakeyaml\1.26\snakeyaml-1.26.jar;C:\Users\cubox\.m2\repository\org\springframework\boot\spring-boot-starter-json\2.3.3.RELEASE\spring-boot-starter-json-2.3.3.RELEASE.jar;C:\Users\cubox\.m2\repository\com\fasterxml\jackson\core\jackson-databind\2.11.2\jackson-databind-2.11.2.jar;C:\Users\cubox\.m2\repository\com\fasterxml\jackson\core\jackson-annotations\2.11.2\jackson-annotations-2.11.2.jar;C:\Users\cubox\.m2\repository\com\fasterxml\jackson\core\jackson-core\2.11.2\jackson-core-2.11.2.jar;C:\Users\cubox\.m2\repository\com\fasterxml\jackson\datatype\jackson-datatype-jdk8\2.11.2\jackson-datatype-jdk8-2.11.2.jar;C:\Users\cubox\.m2\repository\com\fasterxml\jackson\datatype\jackson-datatype-jsr310\2.11.2\jackson-datatype-jsr310-2.11.2.jar;C:\Users\cubox\.m2\repository\com\fasterxml\jackson\module\jackson-module-parameter-names\2.11.2\jackson-module-parameter-names-2.11.2.jar;C:\Users\cubox\.m2\repository\org\springframework\boot\spring-boot-starter-tomcat\2.3.3.RELEASE\spring-boot-starter-tomcat-2.3.3.RELEASE.jar;C:\Users\cubox\.m2\repository\org\apache\tomcat\embed\tomcat-embed-core\9.0.37\tomcat-embed-core-9.0.37.jar;C:\Users\cubox\.m2\repository\org\glassfish\jakarta.el\3.0.3\jakarta.el-3.0.3.jar;C:\Users\cubox\.m2\repository\org\apache\tomcat\embed\tomcat-embed-websocket\9.0.37\tomcat-embed-websocket-9.0.37.jar;C:\Users\cubox\.m2\repository\org\springframework\spring-web\5.2.8.RELEASE\spring-web-5.2.8.RELEASE.jar;C:\Users\cubox\.m2\repository\org\springframework\spring-beans\5.2.8.RELEASE\spring-beans-5.2.8.RELEASE.jar;C:\Users\cubox\.m2\repository\org\springframework\spring-webmvc\5.2.8.RELEASE\spring-webmvc-5.2.8.RELEASE.jar;C:\Users\cubox\.m2\repository\org\springframework\spring-context\5.2.8.RELEASE\spring-context-5.2.8.RELEASE.jar;C:\Users\cubox\.m2\repository\org\springframework\spring-expression\5.2.8.RELEASE\spring-expression-5.2.8.RELEASE.jar;C:\Users\cubox\.m2\repository\org\flywaydb\flyway-core\6.4.4\flyway-core-6.4.4.jar;C:\Users\cubox\.m2\repository\org\springframework\boot\spring-boot-starter-data-jpa\2.3.3.RELEASE\spring-boot-starter-data-jpa-2.3.3.RELEASE.jar;C:\Users\cubox\.m2\repository\org\springframework\boot\spring-boot-starter-aop\2.3.3.RELEASE\spring-boot-starter-aop-2.3.3.RELEASE.jar;C:\Users\cubox\.m2\repository\org\aspectj\aspectjweaver\1.9.6\aspectjweaver-1.9.6.jar;C:\Users\cubox\.m2\repository\org\springframework\boot\spring-boot-starter-jdbc\2.3.3.RELEASE\spring-boot-starter-jdbc-2.3.3.RELEASE.jar;C:\Users\cubox\.m2\repository\com\zaxxer\HikariCP\3.4.5\HikariCP-3.4.5.jar;C:\Users\cubox\.m2\repository\org\springframework\spring-jdbc\5.2.8.RELEASE\spring-jdbc-5.2.8.RELEASE.jar;C:\Users\cubox\.m2\repository\jakarta\transaction\jakarta.transaction-api\1.3.3\jakarta.transaction-api-1.3.3.jar;C:\Users\cubox\.m2\repository\jakarta\persistence\jakarta.persistence-api\2.2.3\jakarta.persistence-api-2.2.3.jar;C:\Users\cubox\.m2\repository\org\hibernate\hibernate-core\5.4.20.Final\hibernate-core-5.4.20.Final.jar;C:\Users\cubox\.m2\repository\org\jboss\logging\jboss-logging\3.4.1.Final\jboss-logging-3.4.1.Final.jar;C:\Users\cubox\.m2\repository\org\javassist\javassist\3.24.0-GA\javassist-3.24.0-GA.jar;C:\Users\cubox\.m2\repository\net\bytebuddy\byte-buddy\1.10.14\byte-buddy-1.10.14.jar;C:\Users\cubox\.m2\repository\antlr\antlr\2.7.7\antlr-2.7.7.jar;C:\Users\cubox\.m2\repository\org\jboss\jandex\2.1.3.Final\jandex-2.1.3.Final.jar;C:\Users\cubox\.m2\repository\com\fasterxml\classmate\1.5.1\classmate-1.5.1.jar;C:\Users\cubox\.m2\repository\org\dom4j\dom4j\2.1.3\dom4j-2.1.3.jar;C:\Users\cubox\.m2\repository\org\hibernate\common\hibernate-commons-annotations\5.1.0.Final\hibernate-commons-annotations-5.1.0.Final.jar;C:\Users\cubox\.m2\repository\org\glassfish\jaxb\jaxb-runtime\2.3.3\jaxb-runtime-2.3.3.jar;C:\Users\cubox\.m2\repository\org\glassfish\jaxb\txw2\2.3.3\txw2-2.3.3.jar;C:\Users\cubox\.m2\repository\com\sun\istack\istack-commons-runtime\3.0.11\istack-commons-runtime-3.0.11.jar;C:\Users\cubox\.m2\repository\com\sun\activation\jakarta.activation\1.2.2\jakarta.activation-1.2.2.jar;C:\Users\cubox\.m2\repository\org\springframework\data\spring-data-jpa\2.3.3.RELEASE\spring-data-jpa-2.3.3.RELEASE.jar;C:\Users\cubox\.m2\repository\org\springframework\data\spring-data-commons\2.3.3.RELEASE\spring-data-commons-2.3.3.RELEASE.jar;C:\Users\cubox\.m2\repository\org\springframework\spring-orm\5.2.8.RELEASE\spring-orm-5.2.8.RELEASE.jar;C:\Users\cubox\.m2\repository\org\springframework\spring-tx\5.2.8.RELEASE\spring-tx-5.2.8.RELEASE.jar;C:\Users\cubox\.m2\repository\org\slf4j\slf4j-api\1.7.30\slf4j-api-1.7.30.jar;C:\Users\cubox\.m2\repository\org\springframework\spring-aspects\5.2.8.RELEASE\spring-aspects-5.2.8.RELEASE.jar;C:\Users\cubox\.m2\repository\com\h2database\h2\1.4.200\h2-1.4.200.jar;C:\Users\cubox\.m2\repository\org\mariadb\jdbc\mariadb-java-client\2.6.0\mariadb-java-client-2.6.0.jar;C:\Users\cubox\.m2\repository\org\postgresql\postgresql\42.2.18\postgresql-42.2.18.jar;C:\Users\cubox\.m2\repository\org\checkerframework\checker-qual\3.5.0\checker-qual-3.5.0.jar;C:\Users\cubox\.m2\repository\org\springframework\boot\spring-boot-devtools\2.3.3.RELEASE\spring-boot-devtools-2.3.3.RELEASE.jar;C:\Users\cubox\.m2\repository\org\springframework\boot\spring-boot\2.3.3.RELEASE\spring-boot-2.3.3.RELEASE.jar;C:\Users\cubox\.m2\repository\org\springframework\boot\spring-boot-autoconfigure\2.3.3.RELEASE\spring-boot-autoconfigure-2.3.3.RELEASE.jar;C:\Users\cubox\.m2\repository\org\projectlombok\lombok\1.18.12\lombok-1.18.12.jar;C:\Users\cubox\.m2\repository\org\modelmapper\modelmapper\2.3.8\modelmapper-2.3.8.jar;C:\Users\cubox\.m2\repository\org\springframework\boot\spring-boot-starter-test\2.3.3.RELEASE\spring-boot-starter-test-2.3.3.RELEASE.jar;C:\Users\cubox\.m2\repository\org\springframework\boot\spring-boot-test\2.3.3.RELEASE\spring-boot-test-2.3.3.RELEASE.jar;C:\Users\cubox\.m2\repository\org\springframework\boot\spring-boot-test-autoconfigure\2.3.3.RELEASE\spring-boot-test-autoconfigure-2.3.3.RELEASE.jar;C:\Users\cubox\.m2\repository\com\jayway\jsonpath\json-path\2.4.0\json-path-2.4.0.jar;C:\Users\cubox\.m2\repository\net\minidev\json-smart\2.3\json-smart-2.3.jar;C:\Users\cubox\.m2\repository\net\minidev\accessors-smart\1.2\accessors-smart-1.2.jar;C:\Users\cubox\.m2\repository\org\ow2\asm\asm\5.0.4\asm-5.0.4.jar;C:\Users\cubox\.m2\repository\jakarta\xml\bind\jakarta.xml.bind-api\2.3.3\jakarta.xml.bind-api-2.3.3.jar;C:\Users\cubox\.m2\repository\jakarta\activation\jakarta.activation-api\1.2.2\jakarta.activation-api-1.2.2.jar;C:\Users\cubox\.m2\repository\org\assertj\assertj-core\3.16.1\assertj-core-3.16.1.jar;C:\Users\cubox\.m2\repository\org\hamcrest\hamcrest\2.2\hamcrest-2.2.jar;C:\Users\cubox\.m2\repository\org\junit\jupiter\junit-jupiter\5.6.2\junit-jupiter-5.6.2.jar;C:\Users\cubox\.m2\repository\org\junit\jupiter\junit-jupiter-api\5.6.2\junit-jupiter-api-5.6.2.jar;C:\Users\cubox\.m2\repository\org\apiguardian\apiguardian-api\1.1.0\apiguardian-api-1.1.0.jar;C:\Users\cubox\.m2\repository\org\opentest4j\opentest4j\1.2.0\opentest4j-1.2.0.jar;C:\Users\cubox\.m2\repository\org\junit\platform\junit-platform-commons\1.6.2\junit-platform-commons-1.6.2.jar;C:\Users\cubox\.m2\repository\org\junit\jupiter\junit-jupiter-params\5.6.2\junit-jupiter-params-5.6.2.jar;C:\Users\cubox\.m2\repository\org\junit\jupiter\junit-jupiter-engine\5.6.2\junit-jupiter-engine-5.6.2.jar;C:\Users\cubox\.m2\repository\org\junit\platform\junit-platform-engine\1.6.2\junit-platform-engine-1.6.2.jar;C:\Users\cubox\.m2\repository\org\mockito\mockito-core\3.3.3\mockito-core-3.3.3.jar;C:\Users\cubox\.m2\repository\net\bytebuddy\byte-buddy-agent\1.10.14\byte-buddy-agent-1.10.14.jar;C:\Users\cubox\.m2\repository\org\objenesis\objenesis\2.6\objenesis-2.6.jar;C:\Users\cubox\.m2\repository\org\mockito\mockito-junit-jupiter\3.3.3\mockito-junit-jupiter-3.3.3.jar;C:\Users\cubox\.m2\repository\org\skyscreamer\jsonassert\1.5.0\jsonassert-1.5.0.jar;C:\Users\cubox\.m2\repository\com\vaadin\external\google\android-json\0.0.20131108.vaadin1\android-json-0.0.20131108.vaadin1.jar;C:\Users\cubox\.m2\repository\org\springframework\spring-core\5.2.8.RELEASE\spring-core-5.2.8.RELEASE.jar;C:\Users\cubox\.m2\repository\org\springframework\spring-jcl\5.2.8.RELEASE\spring-jcl-5.2.8.RELEASE.jar;C:\Users\cubox\.m2\repository\org\springframework\spring-test\5.2.8.RELEASE\spring-test-5.2.8.RELEASE.jar;C:\Users\cubox\.m2\repository\org\xmlunit\xmlunit-core\2.7.0\xmlunit-core-2.7.0.jar;C:\Users\cubox\.m2\repository\org\springframework\restdocs\spring-restdocs-mockmvc\2.0.4.RELEASE\spring-restdocs-mockmvc-2.0.4.RELEASE.jar;C:\Users\cubox\.m2\repository\javax\servlet\javax.servlet-api\4.0.1\javax.servlet-api-4.0.1.jar;C:\Users\cubox\.m2\repository\org\springframework\restdocs\spring-restdocs-core\2.0.4.RELEASE\spring-restdocs-core-2.0.4.RELEASE.jar;C:\Users\cubox\.m2\repository\com\navercorp\lucy\lucy-xss-servlet\2.0.0\lucy-xss-servlet-2.0.0.jar;C:\Users\cubox\.m2\repository\org\apache\commons\commons-lang3\3.10\commons-lang3-3.10.jar;C:\Users\cubox\.m2\repository\commons-logging\commons-logging\1.1.1\commons-logging-1.1.1.jar;C:\Users\cubox\.m2\repository\com\navercorp\lucy\lucy-xss\1.6.3\lucy-xss-1.6.3.jar;C:\Users\cubox\.m2\repository\commons-codec\commons-codec\1.14\commons-codec-1.14.jar;C:\Users\cubox\.m2\repository\org\apache\commons\commons-text\1.8\commons-text-1.8.jar;C:\Users\cubox\.m2\repository\org\springframework\boot\spring-boot-starter-security\2.3.3.RELEASE\spring-boot-starter-security-2.3.3.RELEASE.jar;C:\Users\cubox\.m2\repository\org\springframework\spring-aop\5.2.8.RELEASE\spring-aop-5.2.8.RELEASE.jar;C:\Users\cubox\.m2\repository\org\springframework\security\spring-security-config\5.3.4.RELEASE\spring-security-config-5.3.4.RELEASE.jar;C:\Users\cubox\.m2\repository\org\springframework\security\spring-security-core\5.3.4.RELEASE\spring-security-core-5.3.4.RELEASE.jar;C:\Users\cubox\.m2\repository\org\springframework\security\spring-security-web\5.3.4.RELEASE\spring-security-web-5.3.4.RELEASE.jar;"/>
    <property name="sun.cpu.endian" value="little"/>
    <property name="user.home" value="C:\Users\cubox"/>
    <property name="user.language" value="ko"/>
    <property name="java.specification.vendor" value="Oracle Corporation"/>
    <property name="java.version.date" value="2018-09-25"/>
    <property name="java.home" value="C:\java\jdk-11"/>
    <property name="file.separator" value="\"/>
    <property name="basedir" value="e:\CUBOX\Private\spring-protorype\Access"/>
    <property name="java.vm.compressedOopsMode" value="Zero based"/>
    <property name="line.separator" value="&#10;"/>
    <property name="java.specification.name" value="Java Platform API Specification"/>
    <property name="java.vm.specification.vendor" value="Oracle Corporation"/>
    <property name="java.awt.graphicsenv" value="sun.awt.Win32GraphicsEnvironment"/>
    <property name="surefire.real.class.path" value="C:\Users\cubox\AppData\Local\Temp\surefire12754386636373134616\surefirebooter17154087190285844976.jar"/>
    <property name="user.script" value=""/>
    <property name="sun.management.compiler" value="HotSpot 64-Bit Tiered Compilers"/>
    <property name="java.runtime.version" value="11+28"/>
    <property name="user.name" value="cubox"/>
    <property name="path.separator" value=";"/>
    <property name="os.version" value="10.0"/>
    <property name="java.runtime.name" value="OpenJDK Runtime Environment"/>
    <property name="file.encoding" value="MS949"/>
    <property name="java.vm.name" value="OpenJDK 64-Bit Server VM"/>
    <property name="java.vendor.version" value="18.9"/>
    <property name="localRepository" value="C:\Users\cubox\.m2\repository"/>
    <property name="java.vendor.url.bug" value="http://bugreport.java.com/bugreport/"/>
    <property name="java.io.tmpdir" value="C:\Users\cubox\AppData\Local\Temp\"/>
    <property name="java.version" value="11"/>
    <property name="user.dir" value="e:\CUBOX\Private\spring-protorype\Access"/>
    <property name="os.arch" value="amd64"/>
    <property name="java.vm.specification.name" value="Java Virtual Machine Specification"/>
    <property name="java.awt.printerjob" value="sun.awt.windows.WPrinterJob"/>
    <property name="sun.os.patch.level" value=""/>
    <property name="java.library.path" value="C:\java\jdk-11\bin;C:\WINDOWS\Sun\Java\bin;C:\WINDOWS\system32;C:\WINDOWS;C:\Python39\Scripts\;C:\Python39\;C:\WINDOWS\system32;C:\WINDOWS;C:\WINDOWS\System32\Wbem;C:\WINDOWS\System32\WindowsPowerShell\v1.0\;C:\WINDOWS\System32\OpenSSH\;C:\java\jdk-11\bin;C:\Program Files\Microsoft SQL Server\110\Tools\Binn\;C:\Program Files\Microsoft SQL Server\120\Tools\Binn\;C:\Program Files\dotnet\;C:\Program Files (x86)\PuTTY\;C:\Program Files\Microsoft SQL Server\130\Tools\Binn\;C:\Program Files\Microsoft SQL Server\Client SDK\ODBC\170\Tools\Binn\;C:\Program Files\Git\cmd;C:\cubox\bin\Release;C:\Go\bin;C:\Program Files\nodejs\;C:\ProgramData\chocolatey\bin;C:\Program Files\Amazon\AWSCLIV2\;C:\Program Files (x86)\dotnet\;C:\java\apache-maven-3.6.3\bin;;C:\Program Files\NVIDIA Corporation\NVIDIA NGX;C:\Program Files (x86)\NVIDIA Corporation\PhysX\Common;C:\Program Files\Docker\Docker\resources\bin;C:\ProgramData\DockerDesktop\version-bin;C:\Users\cubox\AppData\Local\Microsoft\WindowsApps;C:\Users\cubox\.dotnet\tools;C:\Users\cubox\AppData\Local\Microsoft\WindowsApps;C:\Program Files\Bandizip\;C:\Users\cubox\AppData\Local\Programs\Microsoft VS Code\bin;C:\Program Files\Docker Toolbox;C:\Users\cubox\.dotnet\tools;C:\Program Files\JetBrains\IntelliJ IDEA Community Edition 2020.2.1\bin;;C:\Users\cubox\go\bin;C:\Users\cubox\AppData\Roaming\npm;;."/>
    <property name="java.vendor" value="Oracle Corporation"/>
    <property name="java.vm.info" value="mixed mode"/>
    <property name="java.vm.version" value="11+28"/>
    <property name="sun.io.unicode.encoding" value="UnicodeLittle"/>
    <property name="java.class.version" value="55.0"/>
  </properties>
  <testcase name="retrieveEmployee" classname="com.cubox.server.biz.identity.service.EmployeeServiceImplTest" time="0">
    <skipped message="TODO : Fixed Test Case"/>
    <system-out><![CDATA[2021-06-15 13:39:04.761  INFO 18940 --- [           main] .b.t.c.SpringBootTestContextBootstrapper : Neither @ContextConfiguration nor @ContextHierarchy found for test class [com.cubox.server.biz.identity.service.EmployeeServiceImplTest], using SpringBootContextLoader
2021-06-15 13:39:04.762  INFO 18940 --- [           main] o.s.t.c.support.AbstractContextLoader    : Could not detect default resource locations for test class [com.cubox.server.biz.identity.service.EmployeeServiceImplTest]: no resource found for suffixes {-context.xml, Context.groovy}.
2021-06-15 13:39:04.762  INFO 18940 --- [           main] t.c.s.AnnotationConfigContextLoaderUtils : Could not detect default configuration classes for test class [com.cubox.server.biz.identity.service.EmployeeServiceImplTest]: EmployeeServiceImplTest does not declare any static, non-private, non-final, nested classes annotated with @Configuration.
2021-06-15 13:39:04.772  INFO 18940 --- [           main] .b.t.c.SpringBootTestContextBootstrapper : Found @SpringBootConfiguration com.cubox.server.ServerApplication for test class com.cubox.server.biz.identity.service.EmployeeServiceImplTest
2021-06-15 13:39:04.776  INFO 18940 --- [           main] .b.t.c.SpringBootTestContextBootstrapper : Loaded default TestExecutionListener class names from location [META-INF/spring.factories]: [org.springframework.boot.test.mock.mockito.MockitoTestExecutionListener, org.springframework.boot.test.mock.mockito.ResetMocksTestExecutionListener, org.springframework.boot.test.autoconfigure.restdocs.RestDocsTestExecutionListener, org.springframework.boot.test.autoconfigure.web.client.MockRestServiceServerResetTestExecutionListener, org.springframework.boot.test.autoconfigure.web.servlet.MockMvcPrintOnlyOnFailureTestExecutionListener, org.springframework.boot.test.autoconfigure.web.servlet.WebDriverTestExecutionListener, org.springframework.boot.test.autoconfigure.webservices.client.MockWebServiceServerTestExecutionListener, org.springframework.test.context.web.ServletTestExecutionListener, org.springframework.test.context.support.DirtiesContextBeforeModesTestExecutionListener, org.springframework.test.context.support.DependencyInjectionTestExecutionListener, org.springframework.test.context.support.DirtiesContextTestExecutionListener, org.springframework.test.context.transaction.TransactionalTestExecutionListener, org.springframework.test.context.jdbc.SqlScriptsTestExecutionListener, org.springframework.test.context.event.EventPublishingTestExecutionListener]
2021-06-15 13:39:04.777  INFO 18940 --- [           main] .b.t.c.SpringBootTestContextBootstrapper : Using TestExecutionListeners: [org.springframework.test.context.web.ServletTestExecutionListener@4b98225c, org.springframework.test.context.support.DirtiesContextBeforeModesTestExecutionListener@4beae1e3, org.springframework.boot.test.mock.mockito.MockitoTestExecutionListener@3c488b34, org.springframework.boot.test.autoconfigure.SpringBootDependencyInjectionTestExecutionListener@32e697ac, org.springframework.test.context.support.DirtiesContextTestExecutionListener@3866c96e, org.springframework.test.context.transaction.TransactionalTestExecutionListener@241fc278, org.springframework.test.context.jdbc.SqlScriptsTestExecutionListener@5c76fce4, org.springframework.test.context.event.EventPublishingTestExecutionListener@5aab5b31, org.springframework.boot.test.mock.mockito.ResetMocksTestExecutionListener@5408d4b3, org.springframework.boot.test.autoconfigure.restdocs.RestDocsTestExecutionListener@eded048, org.springframework.boot.test.autoconfigure.web.client.MockRestServiceServerResetTestExecutionListener@65a48cab, org.springframework.boot.test.autoconfigure.web.servlet.MockMvcPrintOnlyOnFailureTestExecutionListener@655621fd, org.springframework.boot.test.autoconfigure.web.servlet.WebDriverTestExecutionListener@77e9dca8, org.springframework.boot.test.autoconfigure.webservices.client.MockWebServiceServerTestExecutionListener@fcd0e8d]

  .   ____          _            __ _ _
 /\\ / ___'_ __ _ _(_)_ __  __ _ \ \ \ \
( ( )\___ | '_ | '_| | '_ \/ _` | \ \ \ \
 \\/  ___)| |_)| | | | | || (_| |  ) ) ) )
  '  |____| .__|_| |_|_| |_\__, | / / / /
 =========|_|==============|___/=/_/_/_/
 :: Spring Boot ::        (v2.3.3.RELEASE)

2021-06-15 13:39:04.805  INFO 18940 --- [           main] c.c.s.b.i.s.EmployeeServiceImplTest      : Starting EmployeeServiceImplTest on DESKTOP-4M2PRNB with PID 18940 (started by cubox in e:\CUBOX\Private\spring-protorype\Access)
2021-06-15 13:39:04.806  INFO 18940 --- [           main] c.c.s.b.i.s.EmployeeServiceImplTest      : No active profile set, falling back to default profiles: default
2021-06-15 13:39:05.149  INFO 18940 --- [           main] .s.d.r.c.RepositoryConfigurationDelegate : Bootstrapping Spring Data JPA repositories in DEFERRED mode.
2021-06-15 13:39:05.217  INFO 18940 --- [           main] .s.d.r.c.RepositoryConfigurationDelegate : Finished Spring Data repository scanning in 60ms. Found 3 JPA repository interfaces.
2021-06-15 13:39:05.483  INFO 18940 --- [           main] o.f.c.internal.license.VersionPrinter    : Flyway Community Edition 6.4.4 by Redgate
2021-06-15 13:39:05.489  INFO 18940 --- [           main] com.zaxxer.hikari.HikariDataSource       : HikariPool-1 - Starting...
2021-06-15 13:39:05.666  INFO 18940 --- [           main] com.zaxxer.hikari.HikariDataSource       : HikariPool-1 - Start completed.
2021-06-15 13:39:05.687  INFO 18940 --- [           main] o.f.c.internal.database.DatabaseFactory  : Database: jdbc:h2:mem:testdb (H2 1.4)
2021-06-15 13:39:05.747  INFO 18940 --- [           main] o.f.core.internal.command.DbValidate     : Successfully validated 1 migration (execution time 00:00.019s)
2021-06-15 13:39:05.760  INFO 18940 --- [           main] o.f.c.i.s.JdbcTableSchemaHistory         : Creating Schema History table "PUBLIC"."flyway_schema_history" ...
2021-06-15 13:39:05.810  INFO 18940 --- [           main] o.f.core.internal.command.DbMigrate      : Current version of schema "PUBLIC": << Empty Schema >>
2021-06-15 13:39:05.816  INFO 18940 --- [           main] o.f.core.internal.command.DbMigrate      : Migrating schema "PUBLIC" to version 1 - init
2021-06-15 13:39:05.844  INFO 18940 --- [           main] o.f.core.internal.command.DbMigrate      : Successfully applied 1 migration to schema "PUBLIC" (execution time 00:00.041s)
2021-06-15 13:39:05.942  INFO 18940 --- [           main] o.s.s.concurrent.ThreadPoolTaskExecutor  : Initializing ExecutorService 'applicationTaskExecutor'
2021-06-15 13:39:05.998  INFO 18940 --- [         task-1] o.hibernate.jpa.internal.util.LogHelper  : HHH000204: Processing PersistenceUnitInfo [name: default]
2021-06-15 13:39:06.050  INFO 18940 --- [         task-1] org.hibernate.Version                    : HHH000412: Hibernate ORM core version 5.4.20.Final
2021-06-15 13:39:06.092  INFO 18940 --- [         task-1] o.hibernate.annotations.common.Version   : HCANN000001: Hibernate Commons Annotations {5.1.0.Final}
2021-06-15 13:39:06.242  INFO 18940 --- [         task-1] org.hibernate.dialect.Dialect            : HHH000400: Using dialect: org.hibernate.dialect.H2Dialect
Hibernate: drop table if exists tbl_access_histories CASCADE 
Hibernate: drop table if exists tbl_employees CASCADE 
Hibernate: drop table if exists tbl_positions CASCADE 
Hibernate: create table tbl_access_histories (id binary not null, access_time timestamp, access_type varchar(255), auth_type varchar(255), device_id varchar(255), user_id varchar(255), primary key (id))
Hibernate: create table tbl_employees (id VARCHAR(36) not null, create_dt timestamp, update_dt timestamp, access_group_id varchar(255), email varchar(255), employee_name varchar(255), employee_no varchar(255), employtype_id varchar(255), end_dt timestamp, organization_id varchar(255), phone_number varchar(255), position_id varchar(255), start_dt timestamp, primary key (id))
Hibernate: create table tbl_positions (id VARCHAR(36) not null, create_dt timestamp, update_dt timestamp, description varchar(255), name varchar(255), primary key (id))
2021-06-15 13:39:06.738  INFO 18940 --- [         task-1] o.h.e.t.j.p.i.JtaPlatformInitiator       : HHH000490: Using JtaPlatform implementation: [org.hibernate.engine.transaction.jta.platform.internal.NoJtaPlatform]
2021-06-15 13:39:06.749  INFO 18940 --- [         task-1] j.LocalContainerEntityManagerFactoryBean : Initialized JPA EntityManagerFactory for persistence unit 'default'
2021-06-15 13:39:06.950  WARN 18940 --- [           main] JpaBaseConfiguration$JpaWebConfiguration : spring.jpa.open-in-view is enabled by default. Therefore, database queries may be performed during view rendering. Explicitly configure spring.jpa.open-in-view to disable this warning
2021-06-15 13:39:07.234  INFO 18940 --- [           main] .s.s.UserDetailsServiceAutoConfiguration : 

Using generated security password: 44f770d5-7c95-44f0-bdde-ee23a1979963

2021-06-15 13:39:07.310  INFO 18940 --- [           main] o.s.s.web.DefaultSecurityFilterChain     : Creating filter chain: any request, [org.springframework.security.web.context.request.async.WebAsyncManagerIntegrationFilter@2634d000, org.springframework.security.web.context.SecurityContextPersistenceFilter@599310ab, org.springframework.security.web.header.HeaderWriterFilter@74919649, org.springframework.security.web.csrf.CsrfFilter@444c0f9a, org.springframework.security.web.authentication.logout.LogoutFilter@1e2b37cd, org.springframework.security.web.authentication.UsernamePasswordAuthenticationFilter@3892802b, org.springframework.security.web.authentication.ui.DefaultLoginPageGeneratingFilter@4d90d91f, org.springframework.security.web.authentication.ui.DefaultLogoutPageGeneratingFilter@1642968c, org.springframework.security.web.authentication.www.BasicAuthenticationFilter@4745bcc6, org.springframework.security.web.savedrequest.RequestCacheAwareFilter@770cbe5d, org.springframework.security.web.servletapi.SecurityContextHolderAwareRequestFilter@f575d2b, org.springframework.security.web.authentication.AnonymousAuthenticationFilter@3a7dcfb7, org.springframework.security.web.session.SessionManagementFilter@7d07e04e, org.springframework.security.web.access.ExceptionTranslationFilter@36931450, org.springframework.security.web.access.intercept.FilterSecurityInterceptor@1764e45e]
2021-06-15 13:39:07.363  INFO 18940 --- [           main] DeferredRepositoryInitializationListener : Triggering deferred initialization of Spring Data repositories…
2021-06-15 13:39:07.650  INFO 18940 --- [           main] DeferredRepositoryInitializationListener : Spring Data repositories initialized!
2021-06-15 13:39:07.653  INFO 18940 --- [           main] c.c.s.b.i.s.EmployeeServiceImplTest      : Started EmployeeServiceImplTest in 2.875 seconds (JVM running for 6.654)
]]></system-out>
  </testcase>
  <testcase name="retrieveEmployeeList" classname="com.cubox.server.biz.identity.service.EmployeeServiceImplTest" time="0.264"/>
</testsuite>